<?xml version="1.0" encoding="UTF-8"?>
<!-- Generated by org.testng.reporters.JUnitReportReporter -->
<testsuite hostname="LAPTOP-KLTV3TNG" failures="0" tests="1" name="Testng.ExmBATestclass1" time="0.007" errors="0" timestamp="2024-01-02T16:41:19 IST" skipped="0">
  <testcase classname="Testng.ExmBATestclass1" name="abc" time="0.007"/>
</testsuite> <!-- Testng.ExmBATestclass1 -->
