<?xml version="1.0" encoding="UTF-8"?>
<!-- Generated by org.testng.reporters.JUnitReportReporter -->
<testsuite hostname="LAPTOP-KLTV3TNG" failures="0" tests="1" name="datadriven.Readexceldata" time="1.426" errors="0" timestamp="2024-01-25T11:32:31 IST" skipped="0">
  <testcase classname="datadriven.Readexceldata" name="Excelread" time="1.426"/>
</testsuite> <!-- datadriven.Readexceldata -->
