<?xml version="1.0" encoding="UTF-8"?>
<!-- Generated by org.testng.reporters.JUnitReportReporter -->
<testsuite hostname="LAPTOP-KLTV3TNG" failures="0" tests="1" name="datadriven.Exdata" time="1.392" errors="0" timestamp="2024-01-23T15:17:09 IST" skipped="0">
  <testcase classname="datadriven.Exdata" name="Exread" time="1.392"/>
</testsuite> <!-- datadriven.Exdata -->
