<?xml version="1.0" encoding="UTF-8"?>
<!-- Generated by org.testng.reporters.JUnitReportReporter -->
<testsuite hostname="LAPTOP-KLTV3TNG" failures="0" tests="1" name="datadriven.TestcaseEx" time="12.512" errors="0" timestamp="2024-01-29T11:36:24 IST" skipped="0">
  <testcase classname="datadriven.TestcaseEx" name="login" time="12.512"/>
</testsuite> <!-- datadriven.TestcaseEx -->
