<?xml version="1.0" encoding="UTF-8"?>
<!-- Generated by org.testng.reporters.JUnitReportReporter -->
<testsuite hostname="LAPTOP-KLTV3TNG" failures="0" tests="4" name="Testng.SwagTask" time="1.278" errors="0" timestamp="2024-01-17T20:29:14 IST" skipped="0">
  <testcase classname="Testng.SwagTask" name="login" time="0.396"/>
  <testcase classname="Testng.SwagTask" name="dropdown" time="0.195"/>
  <testcase classname="Testng.SwagTask" name="addtocard" time="0.225"/>
  <testcase classname="Testng.SwagTask" name="shopcard" time="0.462"/>
</testsuite> <!-- Testng.SwagTask -->
