<?xml version="1.0" encoding="UTF-8"?>
<!-- Generated by org.testng.reporters.JUnitReportReporter -->
<testsuite hostname="LAPTOP-KLTV3TNG" failures="0" tests="1" name="Testng.Groupingmethod" time="0.010" errors="0" timestamp="2024-01-12T11:42:06 IST" skipped="0">
  <testcase classname="Testng.Groupingmethod" name="loginBylinkedin" time="0.010"/>
</testsuite> <!-- Testng.Groupingmethod -->
