<?xml version="1.0" encoding="UTF-8"?>
<!-- Generated by org.testng.reporters.JUnitReportReporter -->
<testsuite hostname="LAPTOP-KLTV3TNG" failures="0" tests="1" name="Testng.Hotel_login" time="14.564" errors="0" timestamp="2024-01-11T15:01:08 IST" skipped="0">
  <testcase classname="Testng.Hotel_login" name="login" time="14.564"/>
</testsuite> <!-- Testng.Hotel_login -->
