<?xml version="1.0" encoding="UTF-8"?>
<!-- Generated by org.testng.reporters.JUnitReportReporter -->
<testsuite hostname="LAPTOP-KLTV3TNG" failures="0" tests="1" name="Testng.ExmBATestclass2" time="0.002" errors="0" timestamp="2024-01-02T16:41:19 IST" skipped="0">
  <testcase classname="Testng.ExmBATestclass2" name="lmn" time="0.002"/>
</testsuite> <!-- Testng.ExmBATestclass2 -->
