<?xml version="1.0" encoding="UTF-8"?>
<!-- Generated by org.testng.reporters.JUnitReportReporter -->
<testsuite hostname="LAPTOP-KLTV3TNG" failures="0" tests="1" name="datadriven.WriteEx" time="1.292" errors="0" timestamp="2024-01-23T15:53:28 IST" skipped="0">
  <testcase classname="datadriven.WriteEx" name="Writedata" time="1.292"/>
</testsuite> <!-- datadriven.WriteEx -->
