<?xml version="1.0" encoding="UTF-8"?>
<!-- Generated by org.testng.reporters.JUnitReportReporter -->
<testsuite hostname="LAPTOP-KLTV3TNG" failures="0" tests="3" name="Testng.Orghrmtestcase" time="16.762" errors="0" timestamp="2024-01-25T11:42:22 IST" skipped="0">
  <testcase classname="Testng.Orghrmtestcase" name="openurl" time="13.997"/>
  <testcase classname="Testng.Orghrmtestcase" name="login" time="2.368"/>
  <testcase classname="Testng.Orghrmtestcase" name="close" time="0.397"/>
</testsuite> <!-- Testng.Orghrmtestcase -->
