<?xml version="1.0" encoding="UTF-8"?>
<!-- Generated by org.testng.reporters.JUnitReportReporter -->
<testsuite hostname="LAPTOP-KLTV3TNG" failures="0" tests="2" name="Testng.Examtng" time="0.029" errors="0" timestamp="2024-01-02T15:35:34 IST" skipped="0">
  <testcase classname="Testng.Examtng" name="search" time="0.025"/>
  <testcase classname="Testng.Examtng" name="addproduct" time="0.004"/>
</testsuite> <!-- Testng.Examtng -->
