<?xml version="1.0" encoding="UTF-8"?>
<!-- Generated by org.testng.reporters.JUnitReportReporter -->
<testsuite hostname="LAPTOP-KLTV3TNG" failures="0" tests="4" name="Testng.Paralleltest" time="17.071" errors="0" timestamp="2024-01-12T11:35:34 IST" skipped="0">
  <testcase classname="Testng.Paralleltest" name="launch" time="6.489"/>
  <testcase classname="Testng.Paralleltest" name="launch" time="6.356"/>
  <testcase classname="Testng.Paralleltest" name="login" time="1.675"/>
  <testcase classname="Testng.Paralleltest" name="login" time="2.551"/>
</testsuite> <!-- Testng.Paralleltest -->
