<?xml version="1.0" encoding="UTF-8"?>
<!-- Generated by org.testng.reporters.JUnitReportReporter -->
<testsuite hostname="LAPTOP-KLTV3TNG" failures="0" tests="2" name="Testng.AnnotationExmClass" time="0.010" errors="0" timestamp="2024-01-02T15:58:07 IST" skipped="0">
  <testcase classname="Testng.AnnotationExmClass" name="search" time="0.008"/>
  <testcase classname="Testng.AnnotationExmClass" name="addproduct" time="0.002"/>
</testsuite> <!-- Testng.AnnotationExmClass -->
