<?xml version="1.0" encoding="UTF-8"?>
<!-- Generated by org.testng.reporters.JUnitReportReporter -->
<testsuite hostname="LAPTOP-KLTV3TNG" failures="0" tests="1" name="datadriven.Writedataex" time="1.314" errors="0" timestamp="2024-01-25T11:33:57 IST" skipped="0">
  <testcase classname="datadriven.Writedataex" name="ExcelWrite" time="1.314"/>
</testsuite> <!-- datadriven.Writedataex -->
