<?xml version="1.0" encoding="UTF-8"?>
<!-- Generated by org.testng.reporters.JUnitReportReporter -->
<testsuite hostname="LAPTOP-KLTV3TNG" failures="0" tests="1" name="datadriven.Testcase" time="2.713" errors="0" timestamp="2024-01-24T17:03:12 IST" skipped="0">
  <testcase classname="datadriven.Testcase" name="login" time="2.713"/>
</testsuite> <!-- datadriven.Testcase -->
