<?xml version="1.0" encoding="UTF-8"?>
<!-- Generated by org.testng.reporters.JUnitReportReporter -->
<testsuite hostname="LAPTOP-KLTV3TNG" failures="0" tests="2" name="Testng.Taskdataprovider" time="11.730" errors="0" timestamp="2024-01-12T15:28:04 IST" skipped="0">
  <testcase classname="Testng.Taskdataprovider" name="login" time="2.621"/>
  <testcase classname="Testng.Taskdataprovider" name="login" time="9.109"/>
</testsuite> <!-- Testng.Taskdataprovider -->
